<?xml version="1.0" encoding="UTF-8"?>
<!-- Generated by org.testng.reporters.JUnitReportReporter -->
<testsuite hostname="Vinnu" failures="0" tests="7" name="RestAPI" time="2.378" errors="0" timestamp="2021-11-24T10:23:30 NZDT" skipped="6">
  <testcase classname="RestAPI" name="api5" time="2.378"/>
  <system-out/>
  <testcase classname="RestAPI" name="getRequest">
    <skipped/>
  </testcase> <!-- getRequest -->
  <system-out/>
  <testcase classname="RestAPI" name="api3">
    <skipped/>
  </testcase> <!-- api3 -->
  <system-out/>
  <testcase classname="RestAPI" name="api2">
    <skipped/>
  </testcase> <!-- api2 -->
  <system-out/>
  <testcase classname="RestAPI" name="api4">
    <skipped/>
  </testcase> <!-- api4 -->
  <system-out/>
  <testcase classname="RestAPI" name="api">
    <skipped/>
  </testcase> <!-- api -->
  <system-out/>
  <testcase classname="RestAPI" name="getDetails">
    <skipped/>
  </testcase> <!-- getDetails -->
  <system-out/>
</testsuite> <!-- RestAPI -->
