<?xml version="1.0" encoding="UTF-8"?>
<!-- Generated by org.testng.reporters.JUnitReportReporter -->
<testsuite hostname="Vinnu" failures="0" tests="1" name="APITest" time="3.292" errors="0" timestamp="2021-11-25T08:14:52 NZDT" skipped="0">
  <testcase classname="APITest" name="ApiValidation1" time="3.292"/>
  <system-out/>
</testsuite> <!-- APITest -->
